# JRE version: OpenJDK Runtime Environment Temurin-17.0.8+7 (17.0.8+7) (build 17.0.8+7)
# Java VM: OpenJDK 64-Bit Server VM Temurin-17.0.8+7 (17.0.8+7, mixed mode, sharing, tiered, compressed oops, compressed class ptrs, g1 gc, windows-amd64)
GC Precious Log:
 CPUs: 16 total, 16 available
 Memory: 16008M
 Large Page Support: Disabled
 NUMA Support: Disabled
 Compressed Oops: Enabled (Zero based)
 Heap Region Size: 2M
 Heap Min Capacity: 8M
 Heap Initial Capacity: 252M
 Heap Max Capacity: 4004M
 Pre-touch: Disabled
 Parallel Workers: 13
 Concurrent Workers: 3
 Concurrent Refinement Workers: 13
 Periodic GC: Disabled
Heap:
 garbage-first heap   total 157696K, used 101146K [0x0000000705c00000, 0x0000000800000000)
  region size 2048K, 5 young (10240K), 4 survivors (8192K)
 Metaspace       used 30817K, committed 31168K, reserved 1114112K
  class space    used 3490K, committed 3648K, reserved 1048576K
GC Heap History (20 events):
Event: 0.872 GC heap before
{Heap before GC invocations=0 (full 0):
 garbage-first heap   total 258048K, used 22528K [0x0000000705c00000, 0x0000000800000000)
  region size 2048K, 11 young (22528K), 0 survivors (0K)
 Metaspace       used 5439K, committed 5632K, reserved 1114112K
  class space    used 647K, committed 768K, reserved 1048576K
}
Event: 0.877 GC heap after
{Heap after GC invocations=1 (full 0):
 garbage-first heap   total 258048K, used 3995K [0x0000000705c00000, 0x0000000800000000)
  region size 2048K, 2 young (4096K), 2 survivors (4096K)
 Metaspace       used 5439K, committed 5632K, reserved 1114112K
  class space    used 647K, committed 768K, reserved 1048576K
}
Event: 1.420 GC heap before
{Heap before GC invocations=1 (full 0):
 garbage-first heap   total 258048K, used 34715K [0x0000000705c00000, 0x0000000800000000)
  region size 2048K, 17 young (34816K), 2 survivors (4096K)
 Metaspace       used 9453K, committed 9600K, reserved 1114112K
  class space    used 1143K, committed 1216K, reserved 1048576K
}
Event: 1.426 GC heap after
{Heap after GC invocations=2 (full 0):
 garbage-first heap   total 258048K, used 5331K [0x0000000705c00000, 0x0000000800000000)
  region size 2048K, 1 young (2048K), 1 survivors (2048K)
 Metaspace       used 9453K, committed 9600K, reserved 1114112K
  class space    used 1143K, committed 1216K, reserved 1048576K
}
Event: 3.766 GC heap before
{Heap before GC invocations=2 (full 0):
 garbage-first heap   total 258048K, used 109779K [0x0000000705c00000, 0x0000000800000000)
  region size 2048K, 54 young (110592K), 1 survivors (2048K)
 Metaspace       used 21206K, committed 21504K, reserved 1114112K
  class space    used 2500K, committed 2624K, reserved 1048576K
}
Event: 3.773 GC heap after
{Heap after GC invocations=3 (full 0):
 garbage-first heap   total 258048K, used 12110K [0x0000000705c00000, 0x0000000800000000)
  region size 2048K, 5 young (10240K), 5 survivors (10240K)
 Metaspace       used 21206K, committed 21504K, reserved 1114112K
  class space    used 2500K, committed 2624K, reserved 1048576K
}
Event: 4.291 GC heap before
{Heap before GC invocations=4 (full 0):
 garbage-first heap   total 55296K, used 34638K [0x0000000705c00000, 0x0000000800000000)
  region size 2048K, 16 young (32768K), 5 survivors (10240K)
 Metaspace       used 24919K, committed 25216K, reserved 1114112K
  class space    used 2861K, committed 3008K, reserved 1048576K
}
Event: 4.299 GC heap after
{Heap after GC invocations=5 (full 0):
 garbage-first heap   total 55296K, used 18655K [0x0000000705c00000, 0x0000000800000000)
  region size 2048K, 2 young (4096K), 2 survivors (4096K)
 Metaspace       used 24919K, committed 25216K, reserved 1114112K
  class space    used 2861K, committed 3008K, reserved 1048576K
}
Event: 4.351 GC heap before
{Heap before GC invocations=5 (full 0):
 garbage-first heap   total 55296K, used 20703K [0x0000000705c00000, 0x0000000800000000)
  region size 2048K, 3 young (6144K), 2 survivors (4096K)
 Metaspace       used 25046K, committed 25344K, reserved 1114112K
  class space    used 2873K, committed 3008K, reserved 1048576K
}
Event: 4.358 GC heap after
{Heap after GC invocations=6 (full 0):
 garbage-first heap   total 55296K, used 19930K [0x0000000705c00000, 0x0000000800000000)
  region size 2048K, 1 young (2048K), 1 survivors (2048K)
 Metaspace       used 25046K, committed 25344K, reserved 1114112K
  class space    used 2873K, committed 3008K, reserved 1048576K
}
Event: 4.790 GC heap before
{Heap before GC invocations=6 (full 0):
 garbage-first heap   total 55296K, used 36314K [0x0000000705c00000, 0x0000000800000000)
  region size 2048K, 9 young (18432K), 1 survivors (2048K)
 Metaspace       used 26890K, committed 27264K, reserved 1114112K
  class space    used 3089K, committed 3264K, reserved 1048576K
}
Event: 4.797 GC heap after
{Heap after GC invocations=7 (full 0):
 garbage-first heap   total 157696K, used 22446K [0x0000000705c00000, 0x0000000800000000)
  region size 2048K, 2 young (4096K), 2 survivors (4096K)
 Metaspace       used 26890K, committed 27264K, reserved 1114112K
  class space    used 3089K, committed 3264K, reserved 1048576K
}
Event: 5.928 GC heap before
{Heap before GC invocations=7 (full 0):
 garbage-first heap   total 157696K, used 94126K [0x0000000705c00000, 0x0000000800000000)
  region size 2048K, 37 young (75776K), 2 survivors (4096K)
 Metaspace       used 28830K, committed 29120K, reserved 1114112K
  class space    used 3259K, committed 3392K, reserved 1048576K
}
Event: 5.935 GC heap after
{Heap after GC invocations=8 (full 0):
 garbage-first heap   total 157696K, used 26643K [0x0000000705c00000, 0x0000000800000000)
  region size 2048K, 4 young (8192K), 4 survivors (8192K)
 Metaspace       used 28830K, committed 29120K, reserved 1114112K
  class space    used 3259K, committed 3392K, reserved 1048576K
}
Event: 6.654 GC heap before
{Heap before GC invocations=8 (full 0):
 garbage-first heap   total 157696K, used 100371K [0x0000000705c00000, 0x0000000800000000)
  region size 2048K, 40 young (81920K), 4 survivors (8192K)
 Metaspace       used 29576K, committed 29888K, reserved 1114112K
  class space    used 3384K, committed 3520K, reserved 1048576K
}
Event: 6.661 GC heap after
{Heap after GC invocations=9 (full 0):
 garbage-first heap   total 157696K, used 28313K [0x0000000705c00000, 0x0000000800000000)
  region size 2048K, 3 young (6144K), 3 survivors (6144K)
 Metaspace       used 29576K, committed 29888K, reserved 1114112K
  class space    used 3384K, committed 3520K, reserved 1048576K
}
Event: 8.618 GC heap before
{Heap before GC invocations=9 (full 0):
 garbage-first heap   total 157696K, used 104089K [0x0000000705c00000, 0x0000000800000000)
  region size 2048K, 41 young (83968K), 3 survivors (6144K)
 Metaspace       used 30473K, committed 30848K, reserved 1114112K
  class space    used 3469K, committed 3648K, reserved 1048576K
}
Event: 8.623 GC heap after
{Heap after GC invocations=10 (full 0):
 garbage-first heap   total 157696K, used 40760K [0x0000000705c00000, 0x0000000800000000)
  region size 2048K, 6 young (12288K), 6 survivors (12288K)
 Metaspace       used 30473K, committed 30848K, reserved 1114112K
  class space    used 3469K, committed 3648K, reserved 1048576K
}
Event: 9.132 GC heap before
{Heap before GC invocations=10 (full 0):
 garbage-first heap   total 157696K, used 91960K [0x0000000705c00000, 0x0000000800000000)
  region size 2048K, 13 young (26624K), 6 survivors (12288K)
 Metaspace       used 30817K, committed 31168K, reserved 1114112K
  class space    used 3490K, committed 3648K, reserved 1048576K
}
Event: 9.136 GC heap after
{Heap after GC invocations=11 (full 0):
 garbage-first heap   total 157696K, used 88858K [0x0000000705c00000, 0x0000000800000000)
  region size 2048K, 4 young (8192K), 4 survivors (8192K)
 Metaspace       used 30817K, committed 31168K, reserved 1114112K
  class space    used 3490K, committed 3648K, reserved 1048576K
}

